** ECO In Report **

Tue Jan 09 07:05:49 2018

Input  File : C:\EyeProject\Eye\Q10B.eco
Current Job : Q10B-v2.2.4.pcb



Line 6 , Section *DELPIN*
U6.1  $8N1325
* WARNING: Connection U6.1-L5.1 contains protected elements. Protection is ignored.

Line 8 , Section *DELPIN*
L5.2  $8N1322
* WARNING: Connection L4.2-L5.2 contains protected elements. Protection is ignored.
* WARNING: Connection L5.2-R148.2 contains protected elements. Protection is ignored.

Line 12 , Section *PART*
BOM1  SYM_BOM_ENTRY
* Failed to get SYM_BOM_ENTRY from library

Line 13 , Section *PART*
BOM10  SYM_BOM_ENTRY
* Failed to get SYM_BOM_ENTRY from library

Line 14 , Section *PART*
BOM11  SYM_BOM_ENTRY
* Failed to get SYM_BOM_ENTRY from library

Line 15 , Section *PART*
BOM13  SYM_BOM_ENTRY
* Failed to get SYM_BOM_ENTRY from library

Line 16 , Section *PART*
BOM2  SYM_BOM_ENTRY
* Failed to get SYM_BOM_ENTRY from library

Line 17 , Section *PART*
BOM3  SYM_BOM_ENTRY
* Failed to get SYM_BOM_ENTRY from library

Line 18 , Section *PART*
BOM4  SYM_BOM_ENTRY
* Failed to get SYM_BOM_ENTRY from library

Line 19 , Section *PART*
BOM5  SYM_BOM_ENTRY
* Failed to get SYM_BOM_ENTRY from library

Line 20 , Section *PART*
BOM6  SYM_BOM_ENTRY
* Failed to get SYM_BOM_ENTRY from library

Line 21 , Section *PART*
BOM7  SYM_BOM_ENTRY
* Failed to get SYM_BOM_ENTRY from library

Line 22 , Section *PART*
BOM8  SYM_BOM_ENTRY
* Failed to get SYM_BOM_ENTRY from library

Line 23 , Section *PART*
BOM9  SYM_BOM_ENTRY
* Failed to get SYM_BOM_ENTRY from library

Line 29 , Section *SET_ATTRIBUTE*
*SET_ATTRIBUTE* PART BOM1
* Incorrect object name : BOM1

Line 31 , Section *SET_ATTRIBUTE*
*SET_ATTRIBUTE* PART BOM10
* Incorrect object name : BOM10

Line 33 , Section *SET_ATTRIBUTE*
*SET_ATTRIBUTE* PART BOM11
* Incorrect object name : BOM11

Line 35 , Section *SET_ATTRIBUTE*
*SET_ATTRIBUTE* PART BOM13
* Incorrect object name : BOM13

Line 37 , Section *SET_ATTRIBUTE*
*SET_ATTRIBUTE* PART BOM2
* Incorrect object name : BOM2

Line 39 , Section *SET_ATTRIBUTE*
*SET_ATTRIBUTE* PART BOM3
* Incorrect object name : BOM3

Line 41 , Section *SET_ATTRIBUTE*
*SET_ATTRIBUTE* PART BOM4
* Incorrect object name : BOM4

Line 43 , Section *SET_ATTRIBUTE*
*SET_ATTRIBUTE* PART BOM5
* Incorrect object name : BOM5

Line 45 , Section *SET_ATTRIBUTE*
*SET_ATTRIBUTE* PART BOM6
* Incorrect object name : BOM6

Line 47 , Section *SET_ATTRIBUTE*
*SET_ATTRIBUTE* PART BOM7
* Incorrect object name : BOM7

Line 49 , Section *SET_ATTRIBUTE*
*SET_ATTRIBUTE* PART BOM8
* Incorrect object name : BOM8

Line 51 , Section *SET_ATTRIBUTE*
*SET_ATTRIBUTE* PART BOM9
* Incorrect object name : BOM9

Warning: Protection status is ignored!
