PADS Layout ECO Generator (Version 6.4v) 11/22/2017 10:56:19 AM
Copyright (c) 2003 - 2008 Mentor Graphics Corp. - All rights reserved
Command line arguments:  -e C:\EyeProject\Eye\Log Files\ECOGEN.ERR -r p -a PCB,PART,NET,PIN -l PCB,NET,NETCLASS,GEN,DFP
17 msec
4 msec
Reading the OLD DESIGN
There are 544 parts in the design
There are 336 signals in the design
There are 1650 pins in the design
23 msec
Reading the NEW DESIGN
WARNING: Signal $6N723 has 1 pins
There are 556 parts in the design
There are 337 signals in the design
There are 1650 pins in the design
12 msec
Final cost=928
Partitioning - 9 msec
Final Matching - 25 msec
Deleted pins: 1,  Added pins: 1
