pcb: Note 5996: Using Config File C:\MentorGraphics\9.4PADS\SDD_HOME\standard\pads94.cfg
pcb: Warning 6094: dino-ppb pin $4I65.GPIO/TRIG/INT: Pin not connected
pcb: Warning 6094: dino-ppb pin $4I65.LED6: Pin not connected
pcb: Warning 6094: dino-ppb pin $4I65.LED7: Pin not connected
pcb: Warning 6094: dino-ppb pin $4I65.LED8: Pin not connected
pcb: Warning 6094: dino-ppb pin $4I52.GPIO/TRIG/INT: Pin not connected
pcb: Warning 6094: dino-ppb pin $3I64.NMI_B: Pin not connected
pcb: Warning 6094: dino-ppb pin $3I64.PTA1: Pin not connected
pcb: Warning 6094: dino-ppb pin $3I64.PTA18: Pin not connected
pcb: Warning 6094: dino-ppb pin $3I64.PTA19: Pin not connected
pcb: Warning 6094: dino-ppb pin $3I64.PTA2: Pin not connected
pcb: Warning 6094: dino-ppb pin $3I64.PTB0: Pin not connected
pcb: Warning 6094: dino-ppb pin $3I64.PTB1: Pin not connected
pcb: Warning 6094: dino-ppb pin $3I64.PTC2: Pin not connected
pcb: Warning 6094: dino-ppb pin $3I64.PTC3: Pin not connected
pcb: Warning 6094: dino-ppb pin $3I64.PTC4: Pin not connected
pcb: Warning 6094: dino-ppb pin $3I64.PTC5: Pin not connected
pcb: Warning 6094: dino-ppb pin $3I64.PTC6: Pin not connected
pcb: Warning 6094: dino-ppb pin $3I64.PTD4: Pin not connected
pcb: Warning 6094: dino-ppb pin $3I64.PTD6: Pin not connected
pcb: Warning 6094: dino-ppb pin $3I64.PTD7: Pin not connected
pcb: Warning 6094: dino-ppb pin $3I64.PTE16: Pin not connected
pcb: Warning 6094: dino-ppb pin $3I64.PTE24: Pin not connected
pcb: Warning 6094: dino-ppb pin $3I64.PTE25: Pin not connected
pcb: Warning 6094: dino-ppb pin $3I58.RTCK: Pin not connected
pcb: Warning 6094: dino-ppb pin $3I58.SWO/TDO: Pin not connected
pcb: Warning 6094: dino-ppb pin $3I58.TDI: Pin not connected
pcb: Warning 6094: dino-ppb pin $3I58.TRST: Pin not connected
pcb: Warning 6094: dino-ppb pin $3I364.EP: Pin not connected
pcb: Warning 6094: dino-ppb pin $3I364.NC1: Pin not connected
pcb: Warning 6094: dino-ppb pin $3I364.NC2: Pin not connected
pcb: Warning 6094: dino-ppb pin $3I33.NC: Pin not connected
pcb: Warning 6094: dino-ppb pin $3I290.ALARMB: Pin not connected
pcb: Warning 6094: dino-ppb pin $3I290.NC: Pin not connected
pcb: Warning 6094: dino-ppb pin $1I540.BYPASS: Pin not connected
pcb: Warning 6094: dino-ppb pin $1I2056.NC: Pin not connected
pcb: Warning 6094: dino-ppb pin $1I2056.NC2: Pin not connected
pcb: Warning 6094: dino-ppb pin $1I2047.D+: Pin not connected
pcb: Warning 6094: dino-ppb pin $1I2047.D-: Pin not connected
pcb: Warning 6094: dino-ppb pin $1I2047.NC: Pin not connected
pcb: Warning 6094: dino-ppb pin $1I2047.NC2: Pin not connected
pcb: Warning 6094: dino-ppb pin $1I2047.SHLD: Pin not connected
pcb: Warning 6094: dino-ppb pin $1I1653.IN1: Pin not connected
pcb: Warning 6094: dino-ppb pin $1I1652.IN1: Pin not connected
pcb: Warning 6094: dino-ppb pin $1I102.GND1: Pin not connected
pcb: Warning 6094: dino-ppb pin $1I102.GND2: Pin not connected
pcb: Warning 6094: dino-ppb pin $1I102.GND3: Pin not connected
pcb: Warning 6094: dino-ppb pin $1I102.GND4: Pin not connected
pcb: Warning 6094: dino-ppb pin $1I102.GND5: Pin not connected
pcb: Warning 6094: dino-ppb pin $1I102.GND6: Pin not connected
pcb: Warning 6094: dino-ppb pin $1I102.ID: Pin not connected
pcb: Note 5626: Summary of Log Files/pcb.err
Status 0, Notes 1, Warnings 50
Errors 0, Failures 0, Fatals 0, Internals 0
